2023-08-26 20:32:15,145 INFO o.a.j.u.JMeterUtils: Setting Locale to en_EN
2023-08-26 20:32:15,181 INFO o.a.j.JMeter: Loading user properties from: C:\JMeter\apache-jmeter-5.6.2\bin\user.properties
2023-08-26 20:32:15,181 INFO o.a.j.JMeter: Loading system properties from: C:\JMeter\apache-jmeter-5.6.2\bin\system.properties
2023-08-26 20:32:15,205 INFO o.a.j.JMeter: Copyright (c) 1998-2023 The Apache Software Foundation
2023-08-26 20:32:15,205 INFO o.a.j.JMeter: Version 5.6.2
2023-08-26 20:32:15,205 INFO o.a.j.JMeter: java.version=17.0.8
2023-08-26 20:32:15,205 INFO o.a.j.JMeter: java.vm.name=Java HotSpot(TM) 64-Bit Server VM
2023-08-26 20:32:15,205 INFO o.a.j.JMeter: os.name=Windows 11
2023-08-26 20:32:15,205 INFO o.a.j.JMeter: os.arch=amd64
2023-08-26 20:32:15,205 INFO o.a.j.JMeter: os.version=10.0
2023-08-26 20:32:15,205 INFO o.a.j.JMeter: file.encoding=Cp1252
2023-08-26 20:32:15,205 INFO o.a.j.JMeter: java.awt.headless=true
2023-08-26 20:32:15,205 INFO o.a.j.JMeter: Max memory     =1073741824
2023-08-26 20:32:15,205 INFO o.a.j.JMeter: Available Processors =8
2023-08-26 20:32:15,221 INFO o.a.j.JMeter: Default Locale=English (EN)
2023-08-26 20:32:15,221 INFO o.a.j.JMeter: JMeter  Locale=English (EN)
2023-08-26 20:32:15,221 INFO o.a.j.JMeter: JMeterHome=C:\JMeter\apache-jmeter-5.6.2
2023-08-26 20:32:15,221 INFO o.a.j.JMeter: user.dir  =C:\Performance
2023-08-26 20:32:15,221 INFO o.a.j.JMeter: PWD       =C:\Performance
2023-08-26 20:32:15,221 INFO o.a.j.JMeter: IP: 192.168.10.1 Name: asus FullName: 192.168.10.1
2023-08-26 20:32:15,237 INFO o.a.j.s.FileServer: Default base='C:\Performance'
2023-08-26 20:32:15,237 INFO o.a.j.s.FileServer: Set new base='C:\Jmeter report'
2023-08-26 20:32:15,637 INFO o.a.j.s.SaveService: Testplan (JMX) version: 2.2. Testlog (JTL) version: 2.2
2023-08-26 20:32:15,701 INFO o.a.j.s.SaveService: Using SaveService properties version 5.0
2023-08-26 20:32:15,701 INFO o.a.j.s.SaveService: Using SaveService properties file encoding UTF-8
2023-08-26 20:32:15,719 INFO o.a.j.s.SaveService: Loading file: C:\Jmeter report\Robot_JMeter.jmx
2023-08-26 20:32:15,811 INFO o.a.j.p.h.s.HTTPSamplerBase: Parser for text/html is org.apache.jmeter.protocol.http.parser.LagartoBasedHtmlParser
2023-08-26 20:32:15,811 INFO o.a.j.p.h.s.HTTPSamplerBase: Parser for application/xhtml+xml is org.apache.jmeter.protocol.http.parser.LagartoBasedHtmlParser
2023-08-26 20:32:15,811 INFO o.a.j.p.h.s.HTTPSamplerBase: Parser for application/xml is org.apache.jmeter.protocol.http.parser.LagartoBasedHtmlParser
2023-08-26 20:32:15,811 INFO o.a.j.p.h.s.HTTPSamplerBase: Parser for text/xml is org.apache.jmeter.protocol.http.parser.LagartoBasedHtmlParser
2023-08-26 20:32:15,811 INFO o.a.j.p.h.s.HTTPSamplerBase: Parser for text/vnd.wap.wml is org.apache.jmeter.protocol.http.parser.RegexpHTMLParser
2023-08-26 20:32:15,811 INFO o.a.j.p.h.s.HTTPSamplerBase: Parser for text/css is org.apache.jmeter.protocol.http.parser.CssParser
2023-08-26 20:32:15,842 INFO o.a.j.JMeter: Creating summariser <summary>
2023-08-26 20:32:15,883 INFO o.a.j.e.StandardJMeterEngine: Running the test!
2023-08-26 20:32:15,883 INFO o.a.j.s.SampleEvent: List of sample_variables: []
2023-08-26 20:32:15,883 INFO o.a.j.s.SampleEvent: List of sample_variables: []
2023-08-26 20:32:15,899 INFO o.a.j.e.u.CompoundVariable: Note: Function class names must contain the string: '.functions.'
2023-08-26 20:32:15,899 INFO o.a.j.e.u.CompoundVariable: Note: Function class names must not contain the string: '.gui.'
2023-08-26 20:32:16,048 INFO o.a.j.JMeter: Running test (1693062136048)
2023-08-26 20:32:16,060 INFO o.a.j.e.StandardJMeterEngine: Starting ThreadGroup: 1 : Thread Group
2023-08-26 20:32:16,060 INFO o.a.j.e.StandardJMeterEngine: Starting 8 threads for group Thread Group.
2023-08-26 20:32:16,076 INFO o.a.j.e.StandardJMeterEngine: Thread will continue on error
2023-08-26 20:32:16,076 INFO o.a.j.t.ThreadGroup: Starting thread group... number=1 threads=8 ramp-up=8 delayedStart=false
2023-08-26 20:32:16,093 INFO o.a.j.t.ThreadGroup: Started thread group number 1
2023-08-26 20:32:16,093 INFO o.a.j.e.StandardJMeterEngine: All thread groups have been started
2023-08-26 20:32:16,094 INFO o.a.j.t.JMeterThread: Thread started: Thread Group 1-1
2023-08-26 20:32:16,116 INFO o.a.j.p.h.s.HTTPHCAbstractImpl: Local host = asus
2023-08-26 20:32:16,125 INFO o.a.j.p.h.s.HTTPHC4Impl: HTTP request retry count = 0
2023-08-26 20:32:16,128 INFO o.a.j.s.SampleResult: Note: Sample TimeStamps are START times
2023-08-26 20:32:16,128 INFO o.a.j.s.SampleResult: sampleresult.default.encoding is set to UTF-8
2023-08-26 20:32:16,128 INFO o.a.j.s.SampleResult: sampleresult.useNanoTime=true
2023-08-26 20:32:16,128 INFO o.a.j.s.SampleResult: sampleresult.nanoThreadSleep=5000
2023-08-26 20:32:16,280 INFO o.a.j.p.h.s.h.LazyLayeredConnectionSocketFactory: Setting up HTTPS TrustAll Socket Factory
2023-08-26 20:32:16,286 INFO o.a.j.u.JsseSSLManager: Using default SSL protocol: TLS
2023-08-26 20:32:16,286 INFO o.a.j.u.JsseSSLManager: SSL session context: per-thread
2023-08-26 20:32:16,404 INFO o.a.j.u.SSLManager: JmeterKeyStore Location:  type JKS
2023-08-26 20:32:16,410 INFO o.a.j.u.SSLManager: KeyStore created OK
2023-08-26 20:32:16,410 WARN o.a.j.u.SSLManager: Keystore file not found, loading empty keystore
2023-08-26 20:32:16,779 INFO o.a.j.t.JMeterThread: Thread is done: Thread Group 1-1
2023-08-26 20:32:16,779 INFO o.a.j.t.JMeterThread: Thread finished: Thread Group 1-1
2023-08-26 20:32:17,090 INFO o.a.j.t.JMeterThread: Thread started: Thread Group 1-2
2023-08-26 20:32:17,165 INFO o.a.j.t.JMeterThread: Thread is done: Thread Group 1-2
2023-08-26 20:32:17,165 INFO o.a.j.t.JMeterThread: Thread finished: Thread Group 1-2
2023-08-26 20:32:18,089 INFO o.a.j.t.JMeterThread: Thread started: Thread Group 1-3
2023-08-26 20:32:18,155 INFO o.a.j.t.JMeterThread: Thread is done: Thread Group 1-3
2023-08-26 20:32:18,156 INFO o.a.j.t.JMeterThread: Thread finished: Thread Group 1-3
2023-08-26 20:32:19,089 INFO o.a.j.t.JMeterThread: Thread started: Thread Group 1-4
2023-08-26 20:32:19,150 INFO o.a.j.t.JMeterThread: Thread is done: Thread Group 1-4
2023-08-26 20:32:19,150 INFO o.a.j.t.JMeterThread: Thread finished: Thread Group 1-4
2023-08-26 20:32:20,083 INFO o.a.j.t.JMeterThread: Thread started: Thread Group 1-5
2023-08-26 20:32:20,154 INFO o.a.j.t.JMeterThread: Thread is done: Thread Group 1-5
2023-08-26 20:32:20,154 INFO o.a.j.t.JMeterThread: Thread finished: Thread Group 1-5
2023-08-26 20:32:21,085 INFO o.a.j.t.JMeterThread: Thread started: Thread Group 1-6
2023-08-26 20:32:21,135 INFO o.a.j.t.JMeterThread: Thread is done: Thread Group 1-6
2023-08-26 20:32:21,135 INFO o.a.j.t.JMeterThread: Thread finished: Thread Group 1-6
2023-08-26 20:32:22,083 INFO o.a.j.t.JMeterThread: Thread started: Thread Group 1-7
2023-08-26 20:32:22,149 INFO o.a.j.t.JMeterThread: Thread is done: Thread Group 1-7
2023-08-26 20:32:22,149 INFO o.a.j.t.JMeterThread: Thread finished: Thread Group 1-7
2023-08-26 20:32:23,079 INFO o.a.j.t.JMeterThread: Thread started: Thread Group 1-8
2023-08-26 20:32:23,130 INFO o.a.j.t.JMeterThread: Thread is done: Thread Group 1-8
2023-08-26 20:32:23,130 INFO o.a.j.t.JMeterThread: Thread finished: Thread Group 1-8
2023-08-26 20:32:23,130 INFO o.a.j.e.StandardJMeterEngine: Notifying test listeners of end of test
2023-08-26 20:32:23,142 INFO o.a.j.r.Summariser: summary =      8 in 00:00:07 =    1.1/s Avg:   121 Min:    56 Max:   537 Err:     0 (0.00%)
